-- Found ament_cmake: 1.3.10 (/opt/ros/humble/share/ament_cmake/cmake)
-- Found rclcpp: 16.0.10 (/opt/ros/humble/share/rclcpp/cmake)
-- Found rosidl_generator_c: 3.1.5 (/opt/ros/humble/share/rosidl_generator_c/cmake)
-- Found rosidl_adapter: 3.1.5 (/opt/ros/humble/share/rosidl_adapter/cmake)
-- Found rosidl_generator_cpp: 3.1.5 (/opt/ros/humble/share/rosidl_generator_cpp/cmake)
-- Using all available rosidl_typesupport_c: rosidl_typesupport_fastrtps_c;rosidl_typesupport_introspection_c
-- Using all available rosidl_typesupport_cpp: rosidl_typesupport_fastrtps_cpp;rosidl_typesupport_introspection_cpp
-- Found rmw_implementation_cmake: 6.1.2 (/opt/ros/humble/share/rmw_implementation_cmake/cmake)
-- Found rmw_fastrtps_cpp: 6.2.7 (/opt/ros/humble/share/rmw_fastrtps_cpp/cmake)
-- Using RMW implementation 'rmw_fastrtps_cpp' as default
-- Found sensor_msgs: 4.2.4 (/opt/ros/humble/share/sensor_msgs/cmake)
-- Found tf2: 0.25.8 (/opt/ros/humble/share/tf2/cmake)
-- Configuring done
-- Generating done
-- Build files have been written to: /home/mls/vrx_ws/build/navigation
[35m[1mConsolidate compiler generated dependencies of target navigation[0m
[ 66%] [32mBuilding CXX object CMakeFiles/navigation.dir/src/navigation.cpp.o[0m
[ 66%] [32mBuilding CXX object CMakeFiles/navigation.dir/src/aqua_utils.cpp.o[0m
[01m[K/home/mls/vrx_ws/src/navigation/src/aqua_utils.cpp:[m[K In function â€˜[01m[Kstd::vector<double> Quaternion2RPY(const tf2::Quaternion&)[m[Kâ€™:
[01m[K/home/mls/vrx_ws/src/navigation/src/aqua_utils.cpp:32:24:[m[K [01;31m[Kerror: [m[Kâ€˜[01m[Kmsg[m[Kâ€™ was not declared in this scope
   32 |   tf2::Quaternion qImu([01;31m[Kmsg[m[K.orientation.x, msg.orientation.y, msg.orientation.z,
      |                        [01;31m[K^~~[m[K
[01m[K/home/mls/vrx_ws/src/navigation/src/aqua_utils.cpp:31:59:[m[K [01;35m[Kwarning: [m[Kunused parameter â€˜[01m[Kq[m[Kâ€™ [[01;35m[K]8;;https://gcc.gnu.org/onlinedocs/gcc/Warning-Options.html#index-Wunused-parameter-Wunused-parameter]8;;[m[K]
   31 | std::vector<double> Quaternion2RPY([01;35m[Kconst tf2::Quaternion &q[m[K) {
      |                                    [01;35m[K~~~~~~~~~~~~~~~~~~~~~~~^[m[K
gmake[2]: *** [CMakeFiles/navigation.dir/build.make:90: CMakeFiles/navigation.dir/src/aqua_utils.cpp.o] Error 1
gmake[2]: *** Waiting for unfinished jobs....
gmake[1]: *** [CMakeFiles/Makefile2:137: CMakeFiles/navigation.dir/all] Error 2
gmake: *** [Makefile:146: all] Error 2
