[0.019s] Invoking command in '/home/mls/vrx_ws/build/navigation': CMAKE_PREFIX_PATH=${CMAKE_PREFIX_PATH}:/opt/ros/humble /usr/bin/cmake --build /home/mls/vrx_ws/build/navigation -- -j8 -l8
[0.087s] [35m[1mConsolidate compiler generated dependencies of target navigation[0m
[0.116s] [ 50%] [32mBuilding CXX object CMakeFiles/navigation.dir/src/navigation.cpp.o[0m
[4.319s] [01m[K/home/mls/vrx_ws/src/navigation/src/navigation.cpp:[m[K In member function â€˜[01m[Kvoid Navigation::imu_callback(const Imu&) const[m[Kâ€™:
[4.319s] [01m[K/home/mls/vrx_ws/src/navigation/src/navigation.cpp:36:10:[m[K [01;31m[Kerror: [m[Kâ€˜[01m[Kclass tf2::Quaternion[m[Kâ€™ has no member named â€˜[01m[KgetRPY[m[Kâ€™; did you mean â€˜[01m[KsetRPY[m[Kâ€™?
[4.319s]    36 |     qImu.[01;31m[KgetRPY[m[K(roll, pitch, yaw);
[4.319s]       |          [01;31m[K^~~~~~[m[K
[4.319s]       |          [32m[KsetRPY[m[K
[4.320s] [01m[K/home/mls/vrx_ws/src/navigation/src/navigation.cpp:40:48:[m[K [01;31m[Kerror: [m[Kpassing â€˜[01m[Kconst Navigation[m[Kâ€™ as â€˜[01m[Kthis[m[Kâ€™ argument discards qualifiers [[01;31m[K]8;;https://gcc.gnu.org/onlinedocs/gcc/Warning-Options.html#index-fpermissive-fpermissive]8;;[m[K]
[4.320s]    40 |     auto freeAccImu = [01;31m[KcalculateFreeAcceleration(accImu, qImu)[m[K;
[4.320s]       |                       [01;31m[K~~~~~~~~~~~~~~~~~~~~~~~~~^~~~~~~~~~~~~~[m[K
[4.320s] [01m[K/home/mls/vrx_ws/src/navigation/src/navigation.cpp:52:3:[m[K [01;36m[Knote: [m[K  in call to â€˜[01m[Kstd::vector<double, std::allocator<double> > Navigation::calculateFreeAcceleration(const std::vector<double, std::allocator<double> >&, const tf2::Quaternion&)[m[Kâ€™
[4.320s]    52 |   [01;36m[KcalculateFreeAcceleration[m[K(const std::vector<double> &accImu,
[4.320s]       |   [01;36m[K^~~~~~~~~~~~~~~~~~~~~~~~~[m[K
[4.335s] [01m[K/home/mls/vrx_ws/src/navigation/src/navigation.cpp:[m[K In member function â€˜[01m[Kstd::vector<double, std::allocator<double> > Navigation::calculateFreeAcceleration(const std::vector<double, std::allocator<double> >&, const tf2::Quaternion&)[m[Kâ€™:
[4.336s] [01m[K/home/mls/vrx_ws/src/navigation/src/navigation.cpp:74:41:[m[K [01;31m[Kerror: [m[Kâ€˜[01m[KgravityVector[m[Kâ€™ was not declared in this scope
[4.336s]    74 |       freeAcceleration[i] = accImu[i] - [01;31m[KgravityVector[m[K[i];
[4.336s]       |                                         [01;31m[K^~~~~~~~~~~~~[m[K
[4.345s] [01m[K/home/mls/vrx_ws/src/navigation/src/navigation.cpp:77:12:[m[K [01;31m[Kerror: [m[Kâ€˜[01m[Kfree_accel[m[Kâ€™ was not declared in this scope
[4.345s]    77 |     return [01;31m[Kfree_accel[m[K;
[4.345s]       |            [01;31m[K^~~~~~~~~~[m[K
[9.705s] gmake[2]: *** [CMakeFiles/navigation.dir/build.make:76: CMakeFiles/navigation.dir/src/navigation.cpp.o] Error 1
[9.705s] gmake[1]: *** [CMakeFiles/Makefile2:137: CMakeFiles/navigation.dir/all] Error 2
[9.706s] gmake: *** [Makefile:146: all] Error 2
[9.709s] Invoked command in '/home/mls/vrx_ws/build/navigation' returned '2': CMAKE_PREFIX_PATH=${CMAKE_PREFIX_PATH}:/opt/ros/humble /usr/bin/cmake --build /home/mls/vrx_ws/build/navigation -- -j8 -l8
