[35m[1mConsolidate compiler generated dependencies of target navigation[0m
[ 33%] [32mBuilding CXX object CMakeFiles/navigation.dir/src/navigation.cpp.o[0m
[01m[K/home/mls/vrx_ws/src/navigation/src/navigation.cpp:1:10:[m[K [01;31m[Kfatal error: [m[Knavigation.hpp: No such file or directory
    1 | #include [01;31m[K"navigation.hpp"[m[K
      |          [01;31m[K^~~~~~~~~~~~~~~~[m[K
compilation terminated.
gmake[2]: *** [CMakeFiles/navigation.dir/build.make:76: CMakeFiles/navigation.dir/src/navigation.cpp.o] Error 1
gmake[1]: *** [CMakeFiles/Makefile2:137: CMakeFiles/navigation.dir/all] Error 2
gmake: *** [Makefile:146: all] Error 2
