[35m[1mConsolidate compiler generated dependencies of target navigation[0m
[ 50%] [32mBuilding CXX object CMakeFiles/navigation.dir/src/navigation.cpp.o[0m
In file included from [01m[K/home/mls/vrx_ws/src/navigation/src/navigation.cpp:7[m[K:
[01m[K/home/mls/vrx_ws/src/navigation/src/aqua_utils.h:9:20:[m[K [01;31m[Kerror: [m[Kexpected unqualified-id before numeric constant
    9 | const double G = 9,[01;31m[K807[m[K;
      |                    [01;31m[K^~~[m[K
[01m[K/home/mls/vrx_ws/src/navigation/src/navigation.cpp:[m[K In member function â€˜[01m[Kvoid Navigation::imu_callback(const Imu&) const[m[Kâ€™:
[01m[K/home/mls/vrx_ws/src/navigation/src/navigation.cpp:38:57:[m[K [01;31m[Kerror: [m[Kâ€˜[01m[Krotation_matrix[m[Kâ€™ was not declared in this scope
   38 |     auto freeAccImu = calculateFreeAcceleration(accImu, [01;31m[Krotation_matrix[m[K);
      |                                                         [01;31m[K^~~~~~~~~~~~~~~[m[K
gmake[2]: *** [CMakeFiles/navigation.dir/build.make:76: CMakeFiles/navigation.dir/src/navigation.cpp.o] Error 1
gmake[1]: *** [CMakeFiles/Makefile2:137: CMakeFiles/navigation.dir/all] Error 2
gmake: *** [Makefile:146: all] Error 2
