[35m[1mConsolidate compiler generated dependencies of target navigation[0m
[ 33%] [32mBuilding CXX object CMakeFiles/navigation.dir/src/navigation.cpp.o[0m
[01m[K/home/mls/vrx_ws/src/navigation/src/navigation.cpp:[m[K In member function â€˜[01m[Kvoid Navigation::keyboard_callback(geometry_msgs::msg::Twist_<std::allocator<void> >::SharedPtr) const[m[Kâ€™:
[01m[K/home/mls/vrx_ws/src/navigation/src/navigation.cpp:66:33:[m[K [01;31m[Kerror: [m[Kâ€˜[01m[KmotorD[m[Kâ€™ was not declared in this scope; did you mean â€˜[01m[KmotorR[m[Kâ€™?
   66 |       publisher_motorR->publish([01;31m[KmotorD[m[K);
      |                                 [01;31m[K^~~~~~[m[K
      |                                 [32m[KmotorR[m[K
gmake[2]: *** [CMakeFiles/navigation.dir/build.make:76: CMakeFiles/navigation.dir/src/navigation.cpp.o] Error 1
gmake[1]: *** [CMakeFiles/Makefile2:137: CMakeFiles/navigation.dir/all] Error 2
gmake: *** [Makefile:146: all] Error 2
