[ 50%] [32mBuilding CXX object CMakeFiles/navigation.dir/src/navigation.cpp.o[0m
In file included from [01m[K/home/mls/vrx_ws/src/navigation/src/navigation.cpp:7[m[K:
[01m[K/home/mls/vrx_ws/src/navigation/src/aqua_utils.h:13:52:[m[K [01;31m[Kerror: [m[Kexpected â€˜[01m[K)[m[Kâ€™ before â€˜[01m[K;[m[Kâ€™ token
   13 |                            const tf2::Quaternion &q[01;31m[K;[m[K
      |                                                    [01;31m[K^[m[K
      |                                                    [32m[K)[m[K
[01m[K/home/mls/vrx_ws/src/navigation/src/aqua_utils.h:12:26:[m[K [01;36m[Knote: [m[Kto match this â€˜[01m[K([m[Kâ€™
   12 | calculateFreeAcceleration[01;36m[K([m[Kconst std::vector<double> &accImu,
      |                          [01;36m[K^[m[K
[01m[K/home/mls/vrx_ws/src/navigation/src/navigation.cpp:[m[K In member function â€˜[01m[Kvoid Navigation::imu_callback(const Imu&) const[m[Kâ€™:
[01m[K/home/mls/vrx_ws/src/navigation/src/navigation.cpp:38:57:[m[K [01;31m[Kerror: [m[Kâ€˜[01m[Krotation_matrix[m[Kâ€™ was not declared in this scope
   38 |     auto freeAccImu = calculateFreeAcceleration(accImu, [01;31m[Krotation_matrix[m[K);
      |                                                         [01;31m[K^~~~~~~~~~~~~~~[m[K
gmake[2]: *** [CMakeFiles/navigation.dir/build.make:76: CMakeFiles/navigation.dir/src/navigation.cpp.o] Error 1
gmake[1]: *** [CMakeFiles/Makefile2:137: CMakeFiles/navigation.dir/all] Error 2
gmake: *** [Makefile:146: all] Error 2
