[0.016s] Invoking command in '/home/mls/vrx_ws/build/navigation': CMAKE_PREFIX_PATH=${CMAKE_PREFIX_PATH}:/opt/ros/humble /usr/bin/cmake --build /home/mls/vrx_ws/build/navigation -- -j8 -l8
[0.085s] [35m[1mConsolidate compiler generated dependencies of target navigation[0m
[0.113s] [ 50%] [32mBuilding CXX object CMakeFiles/navigation.dir/src/navigation.cpp.o[0m
[4.385s] [01m[K/home/mls/vrx_ws/src/navigation/src/navigation.cpp:[m[K In member function â€˜[01m[Kvoid Navigation::imu_callback(const Imu&) const[m[Kâ€™:
[4.385s] [01m[K/home/mls/vrx_ws/src/navigation/src/navigation.cpp:41:57:[m[K [01;31m[Kerror: [m[Kcannot convert â€˜[01m[Ktf2::Quaternion[m[Kâ€™ to â€˜[01m[Kconst tf2::Matrix3x3&[m[Kâ€™
[4.385s]    41 |     auto freeAccImu = calculateFreeAcceleration(accImu, [01;31m[KqImu[m[K);
[4.386s]       |                                                         [01;31m[K^~~~[m[K
[4.386s]       |                                                         [01;31m[K|[m[K
[4.386s]       |                                                         [01;31m[Ktf2::Quaternion[m[K
[4.386s] [01m[K/home/mls/vrx_ws/src/navigation/src/navigation.cpp:54:51:[m[K [01;36m[Knote: [m[K  initializing argument 2 of â€˜[01m[Kstd::vector<double, std::allocator<double> > Navigation::calculateFreeAcceleration(const std::vector<double, std::allocator<double> >&, const tf2::Matrix3x3&)[m[Kâ€™
[4.386s]    54 |                             [01;36m[Kconst tf2::Matrix3x3 &orientation[m[K) {
[4.386s]       |                             [01;36m[K~~~~~~~~~~~~~~~~~~~~~~^~~~~~~~~~~[m[K
[4.400s] [01m[K/home/mls/vrx_ws/src/navigation/src/navigation.cpp:[m[K In member function â€˜[01m[Kstd::vector<double, std::allocator<double> > Navigation::calculateFreeAcceleration(const std::vector<double, std::allocator<double> >&, const tf2::Matrix3x3&)[m[Kâ€™:
[4.400s] [01m[K/home/mls/vrx_ws/src/navigation/src/navigation.cpp:66:27:[m[K [01;31m[Kerror: [m[Kâ€˜[01m[Krotation_matrix[m[Kâ€™ was not declared in this scope
[4.401s]    66 |         gravity_imu[i] += [01;31m[Krotation_matrix[m[K[j][i] * gravity_world[j];
[4.401s]       |                           [01;31m[K^~~~~~~~~~~~~~~[m[K
[4.412s] [01m[K/home/mls/vrx_ws/src/navigation/src/navigation.cpp:74:41:[m[K [01;31m[Kerror: [m[Kâ€˜[01m[KgravityVector[m[Kâ€™ was not declared in this scope
[4.412s]    74 |       freeAcceleration[i] = accImu[i] - [01;31m[KgravityVector[m[K[i];
[4.413s]       |                                         [01;31m[K^~~~~~~~~~~~~[m[K
[4.423s] [01m[K/home/mls/vrx_ws/src/navigation/src/navigation.cpp:77:12:[m[K [01;31m[Kerror: [m[Kâ€˜[01m[Kfree_accel[m[Kâ€™ was not declared in this scope
[4.424s]    77 |     return [01;31m[Kfree_accel[m[K;
[4.424s]       |            [01;31m[K^~~~~~~~~~[m[K
[4.424s] [01m[K/home/mls/vrx_ws/src/navigation/src/navigation.cpp:54:51:[m[K [01;35m[Kwarning: [m[Kunused parameter â€˜[01m[Korientation[m[Kâ€™ [[01;35m[K]8;;https://gcc.gnu.org/onlinedocs/gcc/Warning-Options.html#index-Wunused-parameter-Wunused-parameter]8;;[m[K]
[4.424s]    54 |                             [01;35m[Kconst tf2::Matrix3x3 &orientation[m[K) {
[4.424s]       |                             [01;35m[K~~~~~~~~~~~~~~~~~~~~~~^~~~~~~~~~~[m[K
[9.755s] gmake[2]: *** [CMakeFiles/navigation.dir/build.make:76: CMakeFiles/navigation.dir/src/navigation.cpp.o] Error 1
[9.755s] gmake[1]: *** [CMakeFiles/Makefile2:137: CMakeFiles/navigation.dir/all] Error 2
[9.755s] gmake: *** [Makefile:146: all] Error 2
[9.759s] Invoked command in '/home/mls/vrx_ws/build/navigation' returned '2': CMAKE_PREFIX_PATH=${CMAKE_PREFIX_PATH}:/opt/ros/humble /usr/bin/cmake --build /home/mls/vrx_ws/build/navigation -- -j8 -l8
