[0.014s] Invoking command in '/home/mls/vrx_ws/build/navigation': CMAKE_PREFIX_PATH=${CMAKE_PREFIX_PATH}:/opt/ros/humble /usr/bin/cmake /home/mls/vrx_ws/src/navigation -DCMAKE_INSTALL_PREFIX=/home/mls/vrx_ws/install
[0.947s] -- The C compiler identification is GNU 11.4.0
[1.083s] -- The CXX compiler identification is GNU 11.4.0
[1.113s] -- Detecting C compiler ABI info
[1.336s] -- Detecting C compiler ABI info - done
[1.349s] -- Check for working C compiler: /usr/bin/cc - skipped
[1.350s] -- Detecting C compile features
[1.383s] -- Detecting C compile features - done
[1.391s] -- Detecting CXX compiler ABI info
[1.522s] -- Detecting CXX compiler ABI info - done
[1.538s] -- Check for working CXX compiler: /usr/bin/c++ - skipped
[1.538s] -- Detecting CXX compile features
[1.539s] -- Detecting CXX compile features - done
[1.642s] -- Found ament_cmake: 1.3.10 (/opt/ros/humble/share/ament_cmake/cmake)
[2.057s] -- Found Python3: /usr/bin/python3 (found version "3.10.12") found components: Interpreter 
[2.362s] -- Found rclcpp: 16.0.10 (/opt/ros/humble/share/rclcpp/cmake)
[2.628s] -- Found rosidl_generator_c: 3.1.5 (/opt/ros/humble/share/rosidl_generator_c/cmake)
[2.669s] -- Found rosidl_adapter: 3.1.5 (/opt/ros/humble/share/rosidl_adapter/cmake)
[2.706s] -- Found rosidl_generator_cpp: 3.1.5 (/opt/ros/humble/share/rosidl_generator_cpp/cmake)
[2.751s] -- Using all available rosidl_typesupport_c: rosidl_typesupport_fastrtps_c;rosidl_typesupport_introspection_c
[2.821s] -- Using all available rosidl_typesupport_cpp: rosidl_typesupport_fastrtps_cpp;rosidl_typesupport_introspection_cpp
[3.030s] -- Found rmw_implementation_cmake: 6.1.2 (/opt/ros/humble/share/rmw_implementation_cmake/cmake)
[3.044s] -- Found rmw_fastrtps_cpp: 6.2.7 (/opt/ros/humble/share/rmw_fastrtps_cpp/cmake)
[3.484s] -- Found OpenSSL: /usr/lib/x86_64-linux-gnu/libcrypto.so (found version "3.0.2")  
[3.576s] -- Found FastRTPS: /opt/ros/humble/include  
[3.651s] -- Using RMW implementation 'rmw_fastrtps_cpp' as default
[3.743s] -- Looking for pthread.h
[3.869s] -- Looking for pthread.h - found
[3.870s] -- Performing Test CMAKE_HAVE_LIBC_PTHREAD
[4.050s] -- Performing Test CMAKE_HAVE_LIBC_PTHREAD - Success
[4.052s] -- Found Threads: TRUE  
[4.274s] -- Found sensor_msgs: 4.2.4 (/opt/ros/humble/share/sensor_msgs/cmake)
[4.392s] -- Found tf2: 0.25.8 (/opt/ros/humble/share/tf2/cmake)
[4.586s] -- Configuring done
[4.621s] -- Generating done
[4.625s] -- Build files have been written to: /home/mls/vrx_ws/build/navigation
[4.640s] Invoked command in '/home/mls/vrx_ws/build/navigation' returned '0': CMAKE_PREFIX_PATH=${CMAKE_PREFIX_PATH}:/opt/ros/humble /usr/bin/cmake /home/mls/vrx_ws/src/navigation -DCMAKE_INSTALL_PREFIX=/home/mls/vrx_ws/install
[4.643s] Invoking command in '/home/mls/vrx_ws/build/navigation': CMAKE_PREFIX_PATH=${CMAKE_PREFIX_PATH}:/opt/ros/humble /usr/bin/cmake --build /home/mls/vrx_ws/build/navigation -- -j8 -l8
[4.719s] [ 50%] [32mBuilding CXX object CMakeFiles/navigation.dir/src/navigation.cpp.o[0m
[5.244s] [01m[K/home/mls/vrx_ws/src/navigation/src/navigation.cpp:96:2:[m[K [01;31m[Kerror: [m[Kunterminated argument list invoking macro "RCLCPP_INFO"
[5.244s]    96 | }
[5.244s]       |  [01;31m[K^[m[K
[9.053s] [01m[K/home/mls/vrx_ws/src/navigation/src/navigation.cpp:47:16:[m[K [01;31m[Kerror: [m[Kexpected â€˜[01m[K}[m[Kâ€™ at end of input
[9.053s]    47 |     RCLCPP_INFO[01;31m[K([m[Kthis->get_logger(), "free acceleration IMU :  %f ,%f ,%f",
[9.053s]       |                [01;31m[K^[m[K
[9.053s] [01m[K/home/mls/vrx_ws/src/navigation/src/navigation.cpp:14:40:[m[K [01;36m[Knote: [m[Kto match this â€˜[01m[K{[m[Kâ€™
[9.054s]    14 | class Navigation : public rclcpp::Node [01;36m[K{[m[K
[9.054s]       |                                        [01;36m[K^[m[K
[9.073s] [01m[K/home/mls/vrx_ws/src/navigation/src/navigation.cpp:[m[K In constructor â€˜[01m[KNavigation::Navigation()[m[Kâ€™:
[9.073s] [01m[K/home/mls/vrx_ws/src/navigation/src/navigation.cpp:17:5:[m[K [01;31m[Kerror: [m[Kâ€˜[01m[Ksubscription_gps[m[Kâ€™ was not declared in this scope; did you mean â€˜[01m[Krmw_subscription_s[m[Kâ€™?
[9.074s]    17 |     [01;31m[Ksubscription_gps[m[K = this->create_subscription<sensor_msgs::msg::NavSatFix>(
[9.074s]       |     [01;31m[K^~~~~~~~~~~~~~~~[m[K
[9.074s]       |     [32m[Krmw_subscription_s[m[K
[9.190s] [01m[K/home/mls/vrx_ws/src/navigation/src/navigation.cpp:20:5:[m[K [01;31m[Kerror: [m[Kâ€˜[01m[Ksubscription_imu[m[Kâ€™ was not declared in this scope
[9.190s]    20 |     [01;31m[Ksubscription_imu[m[K = this->create_subscription<sensor_msgs::msg::Imu>(
[9.190s]       |     [01;31m[K^~~~~~~~~~~~~~~~[m[K
[9.270s] [01m[K/home/mls/vrx_ws/src/navigation/src/navigation.cpp:[m[K In member function â€˜[01m[Kvoid Navigation::imu_callback(const Imu&) const[m[Kâ€™:
[9.270s] [01m[K/home/mls/vrx_ws/src/navigation/src/navigation.cpp:37:10:[m[K [01;31m[Kerror: [m[Kâ€˜[01m[Kclass tf2::Quaternion[m[Kâ€™ has no member named â€˜[01m[KgetRPY[m[Kâ€™; did you mean â€˜[01m[KsetRPY[m[Kâ€™?
[9.270s]    37 |     qImu.[01;31m[KgetRPY[m[K(roll, pitch, yaw);
[9.270s]       |          [01;31m[K^~~~~~[m[K
[9.271s]       |          [32m[KsetRPY[m[K
[9.291s] [01m[K/home/mls/vrx_ws/src/navigation/src/navigation.cpp:39:23:[m[K [01;31m[Kerror: [m[Kâ€˜[01m[KcalculateFreeAcceleration[m[Kâ€™ was not declared in this scope
[9.292s]    39 |     auto freeAccImu = [01;31m[KcalculateFreeAcceleration[m[K(accImu,qImu );
[9.292s]       |                       [01;31m[K^~~~~~~~~~~~~~~~~~~~~~~~~[m[K
[9.307s] [01m[K/home/mls/vrx_ws/src/navigation/src/navigation.cpp:47:5:[m[K [01;31m[Kerror: [m[Kâ€˜[01m[KRCLCPP_INFO[m[Kâ€™ was not declared in this scope
[9.307s]    47 |     [01;31m[KRCLCPP_INFO[m[K(this->get_logger(), "free acceleration IMU :  %f ,%f ,%f",
[9.307s]       |     [01;31m[K^~~~~~~~~~~[m[K
[9.308s] [01m[K/home/mls/vrx_ws/src/navigation/src/navigation.cpp:47:16:[m[K [01;31m[Kerror: [m[Kexpected â€˜[01m[K}[m[Kâ€™ at end of input
[9.308s]    47 |     RCLCPP_INFO[01;31m[K([m[Kthis->get_logger(), "free acceleration IMU :  %f ,%f ,%f",
[9.308s]       |                [01;31m[K^[m[K
[9.308s] [01m[K/home/mls/vrx_ws/src/navigation/src/navigation.cpp:32:61:[m[K [01;36m[Knote: [m[Kto match this â€˜[01m[K{[m[Kâ€™
[9.308s]    32 |   void imu_callback(const sensor_msgs::msg::Imu &msg) const [01;36m[K{[m[K
[9.308s]       |                                                             [01;36m[K^[m[K
[9.308s] [01m[K/home/mls/vrx_ws/src/navigation/src/navigation.cpp:[m[K At global scope:
[9.309s] [01m[K/home/mls/vrx_ws/src/navigation/src/navigation.cpp:47:16:[m[K [01;31m[Kerror: [m[Kexpected unqualified-id at end of input
[9.309s]    47 |     RCLCPP_INFO[01;31m[K([m[Kthis->get_logger(), "free acceleration IMU :  %f ,%f ,%f",
[9.309s]       |                [01;31m[K^[m[K
[14.753s] gmake[2]: *** [CMakeFiles/navigation.dir/build.make:76: CMakeFiles/navigation.dir/src/navigation.cpp.o] Error 1
[14.753s] gmake[1]: *** [CMakeFiles/Makefile2:137: CMakeFiles/navigation.dir/all] Error 2
[14.754s] gmake: *** [Makefile:146: all] Error 2
[14.757s] Invoked command in '/home/mls/vrx_ws/build/navigation' returned '2': CMAKE_PREFIX_PATH=${CMAKE_PREFIX_PATH}:/opt/ros/humble /usr/bin/cmake --build /home/mls/vrx_ws/build/navigation -- -j8 -l8
