[0.024s] Invoking command in '/home/mls/vrx_ws/build/navigation': CMAKE_PREFIX_PATH=${CMAKE_PREFIX_PATH}:/opt/ros/humble /usr/bin/cmake --build /home/mls/vrx_ws/build/navigation -- -j8 -l8
[0.113s] [35m[1mConsolidate compiler generated dependencies of target navigation[0m
[0.149s] [ 50%] [32mBuilding CXX object CMakeFiles/navigation.dir/src/navigation.cpp.o[0m
[24.007s] [100%] [32m[1mLinking CXX executable navigation[0m
[25.155s] /usr/bin/ld: CMakeFiles/navigation.dir/src/navigation.cpp.o: in function `Navigation::imu_callback(sensor_msgs::msg::Imu_<std::allocator<void> > const&) const':
[25.155s] navigation.cpp:(.text._ZNK10Navigation12imu_callbackERKN11sensor_msgs3msg4Imu_ISaIvEEE[_ZNK10Navigation12imu_callbackERKN11sensor_msgs3msg4Imu_ISaIvEEE]+0x122): undefined reference to `Quaternion2RPY(tf2::Quaternion const&)'
[25.157s] /usr/bin/ld: navigation.cpp:(.text._ZNK10Navigation12imu_callbackERKN11sensor_msgs3msg4Imu_ISaIvEEE[_ZNK10Navigation12imu_callbackERKN11sensor_msgs3msg4Imu_ISaIvEEE]+0x142): undefined reference to `calculateFreeAcceleration(std::vector<double, std::allocator<double> > const&, tf2::Quaternion const&)'
[25.291s] collect2: error: ld returned 1 exit status
[25.294s] gmake[2]: *** [CMakeFiles/navigation.dir/build.make:176: navigation] Error 1
[25.294s] gmake[1]: *** [CMakeFiles/Makefile2:137: CMakeFiles/navigation.dir/all] Error 2
[25.294s] gmake: *** [Makefile:146: all] Error 2
[25.299s] Invoked command in '/home/mls/vrx_ws/build/navigation' returned '2': CMAKE_PREFIX_PATH=${CMAKE_PREFIX_PATH}:/opt/ros/humble /usr/bin/cmake --build /home/mls/vrx_ws/build/navigation -- -j8 -l8
