[0.017s] Invoking command in '/home/mls/vrx_ws/build/navigation': CMAKE_PREFIX_PATH=${CMAKE_PREFIX_PATH}:/opt/ros/humble /usr/bin/cmake --build /home/mls/vrx_ws/build/navigation -- -j8 -l8
[0.085s] [35m[1mConsolidate compiler generated dependencies of target navigation[0m
[0.114s] [ 50%] [32mBuilding CXX object CMakeFiles/navigation.dir/src/navigation.cpp.o[0m
[4.273s] [01m[K/home/mls/vrx_ws/src/navigation/src/navigation.cpp:[m[K In member function â€˜[01m[Kvoid Navigation::imu_callback(const Imu&) const[m[Kâ€™:
[4.273s] [01m[K/home/mls/vrx_ws/src/navigation/src/navigation.cpp:41:48:[m[K [01;31m[Kerror: [m[Kpassing â€˜[01m[Kconst Navigation[m[Kâ€™ as â€˜[01m[Kthis[m[Kâ€™ argument discards qualifiers [[01;31m[K]8;;https://gcc.gnu.org/onlinedocs/gcc/Warning-Options.html#index-fpermissive-fpermissive]8;;[m[K]
[4.273s]    41 |     auto freeAccImu = [01;31m[KcalculateFreeAcceleration(accImu, rotation_matrix)[m[K;
[4.273s]       |                       [01;31m[K~~~~~~~~~~~~~~~~~~~~~~~~~^~~~~~~~~~~~~~~~~~~~~~~~~[m[K
[4.273s] [01m[K/home/mls/vrx_ws/src/navigation/src/navigation.cpp:53:3:[m[K [01;36m[Knote: [m[K  in call to â€˜[01m[Kstd::vector<double, std::allocator<double> > Navigation::calculateFreeAcceleration(const std::vector<double, std::allocator<double> >&, const tf2::Matrix3x3&)[m[Kâ€™
[4.273s]    53 |   [01;36m[KcalculateFreeAcceleration[m[K(const std::vector<double> &accImu,
[4.273s]       |   [01;36m[K^~~~~~~~~~~~~~~~~~~~~~~~~[m[K
[4.287s] [01m[K/home/mls/vrx_ws/src/navigation/src/navigation.cpp:[m[K In member function â€˜[01m[Kstd::vector<double, std::allocator<double> > Navigation::calculateFreeAcceleration(const std::vector<double, std::allocator<double> >&, const tf2::Matrix3x3&)[m[Kâ€™:
[4.287s] [01m[K/home/mls/vrx_ws/src/navigation/src/navigation.cpp:74:41:[m[K [01;31m[Kerror: [m[Kâ€˜[01m[KgravityVector[m[Kâ€™ was not declared in this scope
[4.287s]    74 |       freeAcceleration[i] = accImu[i] - [01;31m[KgravityVector[m[K[i];
[4.287s]       |                                         [01;31m[K^~~~~~~~~~~~~[m[K
[4.296s] [01m[K/home/mls/vrx_ws/src/navigation/src/navigation.cpp:77:12:[m[K [01;31m[Kerror: [m[Kâ€˜[01m[Kfree_accel[m[Kâ€™ was not declared in this scope
[4.296s]    77 |     return [01;31m[Kfree_accel[m[K;
[4.296s]       |            [01;31m[K^~~~~~~~~~[m[K
[9.655s] gmake[2]: *** [CMakeFiles/navigation.dir/build.make:76: CMakeFiles/navigation.dir/src/navigation.cpp.o] Error 1
[9.655s] gmake[1]: *** [CMakeFiles/Makefile2:137: CMakeFiles/navigation.dir/all] Error 2
[9.655s] gmake: *** [Makefile:146: all] Error 2
[9.659s] Invoked command in '/home/mls/vrx_ws/build/navigation' returned '2': CMAKE_PREFIX_PATH=${CMAKE_PREFIX_PATH}:/opt/ros/humble /usr/bin/cmake --build /home/mls/vrx_ws/build/navigation -- -j8 -l8
